<?xml version="1.0" encoding="UTF-8"?>
<testsuite xmlns:xsi="http://www.w3.org/2001/XMLSchema-instance" xsi:noNamespaceSchemaLocation="https://maven.apache.org/surefire/maven-surefire-plugin/xsd/surefire-test-report.xsd" name="TestSuite" time="0.667" tests="3" errors="0" skipped="0" failures="0">
  <properties>
    <property name="java.specification.version" value="17"/>
    <property name="sun.jnu.encoding" value="UTF-8"/>
    <property name="java.class.path" value="/Users/sahilnarwal/Documents/Sem-6/Test Automation Lab/Lab4/demo/target/test-classes:/Users/sahilnarwal/Documents/Sem-6/Test Automation Lab/Lab4/demo/target/classes:/Users/sahilnarwal/.m2/repository/org/testng/testng/7.4.0/testng-7.4.0.jar:/Users/sahilnarwal/.m2/repository/com/beust/jcommander/1.78/jcommander-1.78.jar:/Users/sahilnarwal/.m2/repository/org/webjars/jquery/3.5.1/jquery-3.5.1.jar:/Users/sahilnarwal/.m2/repository/org/apache/maven/surefire/surefire-testng-utils/2.22.0/surefire-testng-utils-2.22.0.jar:/Users/sahilnarwal/.m2/repository/org/apache/maven/surefire/surefire-grouper/2.22.0/surefire-grouper-2.22.0.jar:"/>
    <property name="java.vm.vendor" value="Amazon.com Inc."/>
    <property name="sun.arch.data.model" value="64"/>
    <property name="java.vendor.url" value="https://aws.amazon.com/corretto/"/>
    <property name="os.name" value="Mac OS X"/>
    <property name="java.vm.specification.version" value="17"/>
    <property name="sun.java.launcher" value="SUN_STANDARD"/>
    <property name="user.country" value="IN"/>
    <property name="sun.boot.library.path" value="/Users/sahilnarwal/Library/Java/JavaVirtualMachines/corretto-17.0.6/Contents/Home/lib"/>
    <property name="sun.java.command" value="/Users/sahilnarwal/Documents/Sem-6/Test Automation Lab/Lab4/demo/target/surefire/surefirebooter17829840363399627752.jar /Users/sahilnarwal/Documents/Sem-6/Test Automation Lab/Lab4/demo/target/surefire 2024-02-06T15-58-49_777-jvmRun1 surefire13315700939182297857tmp surefire_09378099872872779795tmp"/>
    <property name="http.nonProxyHosts" value="local|*.local|169.254/16|*.169.254/16"/>
    <property name="jdk.debug" value="release"/>
    <property name="surefire.test.class.path" value="/Users/sahilnarwal/Documents/Sem-6/Test Automation Lab/Lab4/demo/target/test-classes:/Users/sahilnarwal/Documents/Sem-6/Test Automation Lab/Lab4/demo/target/classes:/Users/sahilnarwal/.m2/repository/org/testng/testng/7.4.0/testng-7.4.0.jar:/Users/sahilnarwal/.m2/repository/com/beust/jcommander/1.78/jcommander-1.78.jar:/Users/sahilnarwal/.m2/repository/org/webjars/jquery/3.5.1/jquery-3.5.1.jar:/Users/sahilnarwal/.m2/repository/org/apache/maven/surefire/surefire-testng-utils/2.22.0/surefire-testng-utils-2.22.0.jar:/Users/sahilnarwal/.m2/repository/org/apache/maven/surefire/surefire-grouper/2.22.0/surefire-grouper-2.22.0.jar:"/>
    <property name="sun.cpu.endian" value="little"/>
    <property name="user.home" value="/Users/sahilnarwal"/>
    <property name="user.language" value="en"/>
    <property name="java.specification.vendor" value="Oracle Corporation"/>
    <property name="java.version.date" value="2023-01-17"/>
    <property name="java.home" value="/Users/sahilnarwal/Library/Java/JavaVirtualMachines/corretto-17.0.6/Contents/Home"/>
    <property name="file.separator" value="/"/>
    <property name="basedir" value="/Users/sahilnarwal/Documents/Sem-6/Test Automation Lab/Lab4/demo"/>
    <property name="java.vm.compressedOopsMode" value="Zero based"/>
    <property name="line.separator" value="&#10;"/>
    <property name="java.specification.name" value="Java Platform API Specification"/>
    <property name="java.vm.specification.vendor" value="Oracle Corporation"/>
    <property name="surefire.real.class.path" value="/Users/sahilnarwal/Documents/Sem-6/Test Automation Lab/Lab4/demo/target/surefire/surefirebooter17829840363399627752.jar"/>
    <property name="sun.management.compiler" value="HotSpot 64-Bit Tiered Compilers"/>
    <property name="ftp.nonProxyHosts" value="local|*.local|169.254/16|*.169.254/16"/>
    <property name="java.runtime.version" value="17.0.6+10-LTS"/>
    <property name="user.name" value="sahilnarwal"/>
    <property name="path.separator" value=":"/>
    <property name="os.version" value="14.2.1"/>
    <property name="java.runtime.name" value="OpenJDK Runtime Environment"/>
    <property name="file.encoding" value="UTF-8"/>
    <property name="java.vm.name" value="OpenJDK 64-Bit Server VM"/>
    <property name="java.vendor.version" value="Corretto-17.0.6.10.1"/>
    <property name="localRepository" value="/Users/sahilnarwal/.m2/repository"/>
    <property name="java.vendor.url.bug" value="https://github.com/corretto/corretto-17/issues/"/>
    <property name="java.io.tmpdir" value="/var/folders/w5/ck4pf6r500v74z3mls_ty_zr0000gn/T/"/>
    <property name="java.version" value="17.0.6"/>
    <property name="user.dir" value="/Users/sahilnarwal/Documents/Sem-6/Test Automation Lab/Lab4/demo"/>
    <property name="os.arch" value="x86_64"/>
    <property name="java.vm.specification.name" value="Java Virtual Machine Specification"/>
    <property name="native.encoding" value="UTF-8"/>
    <property name="java.library.path" value="/Users/sahilnarwal/Library/Java/Extensions:/Library/Java/Extensions:/Network/Library/Java/Extensions:/System/Library/Java/Extensions:/usr/lib/java:."/>
    <property name="java.vm.info" value="mixed mode, sharing"/>
    <property name="java.vendor" value="Amazon.com Inc."/>
    <property name="java.vm.version" value="17.0.6+10-LTS"/>
    <property name="sun.io.unicode.encoding" value="UnicodeBig"/>
    <property name="socksNonProxyHosts" value="local|*.local|169.254/16|*.169.254/16"/>
    <property name="java.class.version" value="61.0"/>
  </properties>
  <testcase name="FirstTest" classname="MainTest" time="0.002"/>
  <testcase name="SecondTest" classname="MainTest" time="0"/>
  <testcase name="TestFromSecondFile" classname="SecondTests" time="0"/>
</testsuite>