<?xml version="1.0" encoding="UTF-8"?>
<!-- Generated by org.testng.reporters.JUnitReportReporter -->
<testsuite hostname="Sahils-MacBook-Air.local" failures="0" tests="2" name="MainTest" time="0.003" errors="0" timestamp="2024-02-06T15:58:51 IST" skipped="0">
  <testcase classname="MainTest" name="FirstTest" time="0.002"/>
  <system-out/>
  <testcase classname="MainTest" name="SecondTest" time="0.001"/>
  <system-out/>
</testsuite> <!-- MainTest -->
