<?xml version="1.0" encoding="UTF-8"?>
<!-- Generated by org.testng.reporters.JUnitReportReporter -->
<testsuite hostname="Sahils-MacBook-Air.local" failures="0" tests="1" name="SecondTests" time="0.000" errors="0" timestamp="2024-02-06T15:58:51 IST" skipped="0">
  <testcase classname="SecondTests" name="TestFromSecondFile" time="0.000"/>
  <system-out/>
</testsuite> <!-- SecondTests -->
